Arguments: 
  E:\Program Files\nodejs\node.exe C:\Users\Daryk\AppData\Roaming\npm\node_modules\yarn\bin\yarn.js add concurrently

PATH: 
  C:\Program Files (x86)\Common Files\Oracle\Java\javapath;C:\Windows\system32;C:\Windows;C:\Windows\System32\Wbem;C:\Windows\System32\WindowsPowerShell\v1.0\;C:\Windows\System32\OpenSSH\;C:\Program Files (x86)\NVIDIA Corporation\PhysX\Common;C:\Program Files\NVIDIA Corporation\NVIDIA NvDLISR;E:\Program Files\nodejs\;E:\Git\cmd;C:\Users\Daryk\AppData\Local\Microsoft\WindowsApps;;C:\Users\Daryk\AppData\Local\Programs\Microsoft VS Code\bin;C:\Users\Daryk\AppData\Roaming\npm

Yarn version: 
  1.13.0

Node version: 
  10.15.1

Platform: 
  win32 x64

Trace: 
  SyntaxError: E:\Projects\streams\package.json: Unexpected token } in JSON at position 102
      at JSON.parse (<anonymous>)
      at C:\Users\Daryk\AppData\Roaming\npm\node_modules\yarn\lib\cli.js:1625:59
      at Generator.next (<anonymous>)
      at step (C:\Users\Daryk\AppData\Roaming\npm\node_modules\yarn\lib\cli.js:304:30)
      at C:\Users\Daryk\AppData\Roaming\npm\node_modules\yarn\lib\cli.js:315:13

npm manifest: 
  {
    "name": "streams",
    "version": "1.0.0",
    "main": "index.js",
    "scripts": {
      "start all": 
    }
    "repository": "git@github.com:Ilithor/TwitchSteamMock.git",
    "author": "Daryk Kohler <daryk.kohler@gmail.com>",
    "license": "MIT"
  }

yarn manifest: 
  No manifest

Lockfile: 
  No lockfile
